<?xml version="1.0" encoding="UTF-8"?>
<!-- Generated by org.testng.reporters.JUnitXMLReporter -->
<testsuite ignored="1" hostname="DESKTOP-QR6851A" failures="0" tests="5" name="Default test" time="124.021" errors="0" timestamp="20 Apr 2023 02:31:29 GMT">
  <testcase classname="TestNGprepare.TestNG3" name="TC3" time="36.606"/>
  <testcase classname="TestNGprepare.TestNG3" name="TC1" time="13.457"/>
  <testcase classname="TestNGprepare.TestNG3" name="TC1" time="10.633"/>
  <testcase classname="TestNGprepare.TestNG3" name="TC1" time="10.319"/>
  <testcase classname="TestNGprepare.TestNG3" name="TC2" time="35.658"/>
  <testcase classname="TestNGprepare.TestNG3" name="TC4" time="0.0">
    <ignored/>
  </testcase> <!-- TC4 -->
</testsuite> <!-- Default test -->
