<?xml version="1.0" encoding="UTF-8"?>
<testng-results ignored="0" total="0" passed="0" failed="0" skipped="0">
  <reporter-output>
  </reporter-output>
  <suite started-at="2023-04-20T03:22:34Z" name="Suite" finished-at="2023-04-20T03:22:34Z" duration-ms="11">
    <groups>
    </groups>
    <test started-at="2023-04-20T03:22:34Z" name="ieTest" finished-at="2023-04-20T03:22:34Z" duration-ms="11">
    </test> <!-- ieTest -->
    <test started-at="2023-04-20T03:22:34Z" name="chromeTest" finished-at="2023-04-20T03:22:34Z" duration-ms="11">
    </test> <!-- chromeTest -->
    <test started-at="2023-04-20T03:22:34Z" name="firfoxTest" finished-at="2023-04-20T03:22:34Z" duration-ms="11">
    </test> <!-- firfoxTest -->
  </suite> <!-- Suite -->
</testng-results>
